08:53:25 com_github_zykrah_kicad-kle-placer.kle_placer_action 497: Plugin executed with python version: '3.9.14 (main, Feb 13 2023, 04:48:26) [MSC v.1934 64 bit (AMD64)]'
08:53:37 com_github_zykrah_kicad-kle-placer.kle_placer_action 512: User layout: Keyboard(meta=KeyboardMetadata(backcolor='#eeeeee', name='tension', author='', notes='', background=None, radii='', switchMount='', switchBrand='', switchType='', plate=False, pcb=False), keys=[Key(color='#cccccc', labels=['', '', '', '', '20', '', '', '', '', '', '', ''], text_color=[None, None, None, None, None, None, None, None, None, None, None, None], text_size=[None, None, None, None, None, None, None, None, None, None, None, None], default=KeyDefault(text_color='#000000', text_size=3), x=6.0, y=2.0, width=1.0, height=1.0, x2=0.0, y2=0.0, width2=1.0, height2=1.0, rotation_x=1.0, rotation_y=2.0, rotation_angle=0.0, decal=False, ghost=False, stepped=False, nub=False, profile='', sm='', sb='', st=''), Key(color='#cccccc', labels=['', '', '', '', '3', '', '', '', '', '', '', ''], text_color=[None, None, None, None, None, None, None, None, None, None, None, None], text_size=[None, None, None, None, None, None, None, None, None, None, None, None], default=KeyDefault(text_color='#000000', text_size=3), x=2.0, y=1.0, width=1, height=1, x2=0, y2=0, width2=1, height2=1, rotation_x=1.0, rotation_y=2.0, rotation_angle=30, decal=False, ghost=False, stepped=False, nub=False, profile='', sm='', sb='', st=''), Key(color='#cccccc', labels=['', '', '', '', '2', '', '', '', '', '', '', ''], text_color=[None, None, None, None, None, None, None, None, None, None, None, None], text_size=[None, None, None, None, None, None, None, None, None, None, None, None], default=KeyDefault(text_color='#000000', text_size=3), x=1.0, y=1.5, width=1, height=1, x2=0, y2=0, width2=1, height2=1, rotation_x=1.0, rotation_y=2.0, rotation_angle=30, decal=False, ghost=False, stepped=False, nub=False, profile='', sm='', sb='', st=''), Key(color='#cccccc', labels=['', '', '', '', '4', '', '', '', '', '', '', ''], text_color=[None, None, None, None, None, None, None, None, None, None, None, None], text_size=[None, None, None, None, None, None, None, None, None, None, None, None], default=KeyDefault(text_color='#000000', text_size=3), x=3.0, y=1.5, width=1, height=1, x2=0, y2=0, width2=1, height2=1, rotation_x=1.0, rotation_y=2.0, rotation_angle=30, decal=False, ghost=False, stepped=False, nub=False, profile='', sm='', sb='', st=''), Key(color='#cccccc', labels=['', '', '', '', '1', '', '', '', '', '', '', ''], text_color=[None, None, None, None, None, None, None, None, None, None, None, None], text_size=[None, None, None, None, None, None, None, None, None, None, None, None], default=KeyDefault(text_color='#000000', text_size=3), x=0.0, y=2.0, width=1, height=1, x2=0, y2=0, width2=1, height2=1, rotation_x=1.0, rotation_y=2.0, rotation_angle=30, decal=False, ghost=False, stepped=False, nub=False, profile='', sm='', sb='', st=''), Key(color='#cccccc', labels=['', '', '', '', '6', '', '', '', '', '', '', ''], text_color=[None, None, None, None, None, None, None, None, None, None, None, None], text_size=[None, None, None, None, None, None, None, None, None, None, None, None], default=KeyDefault(text_color='#000000', text_size=3), x=6.0, y=3.5, width=1, height=1, x2=0, y2=0, width2=1, height2=1, rotation_x=3.0, rotation_y=3.5, rotation_angle=75, decal=False, ghost=False, stepped=False, nub=False, profile='', sm='', sb='', st=''), Key(color='#cccccc', labels=['', '', '', '', '5', '', '', '', '', '', '', ''], text_color=[None, None, None, None, None, None, None, None, None, None, None, None], text_size=[None, None, None, None, None, None, None, None, None, None, None, None], default=KeyDefault(text_color='#000000', text_size=3), x=5.0, y=3.75, width=1, height=1, x2=0, y2=0, width2=1, height2=1, rotation_x=3.0, rotation_y=3.5, rotation_angle=75, decal=False, ghost=False, stepped=False, nub=False, profile='', sm='', sb='', st=''), Key(color='#cccccc', labels=['', '', '', '', '15', '', '', '', '', '', '', ''], text_color=[None, None, None, None, None, None, None, None, None, None, None, None], text_size=[None, None, None, None, None, None, None, None, None, None, None, None], default=KeyDefault(text_color='#000000', text_size=3), x=7.0, y=5.75, width=1, height=1, x2=0, y2=0, width2=1, height2=1, rotation_x=8.25, rotation_y=5.25, rotation_angle=-75, decal=False, ghost=False, stepped=False, nub=False, profile='', sm='', sb='', st=''), Key(color='#cccccc', labels=['', '', '', '', '16', '', '', '', '', '', '', ''], text_color=[None, None, None, None, None, None, None, None, None, None, None, None], text_size=[None, None, None, None, None, None, None, None, None, None, None, None], default=KeyDefault(text_color='#000000', text_size=3), x=8.0, y=5.75, width=1, height=1, x2=0, y2=0, width2=1, height2=1, rotation_x=8.25, rotation_y=5.25, rotation_angle=-75, decal=False, ghost=False, stepped=False, nub=False, profile='', sm='', sb='', st=''), Key(color='#cccccc', labels=['', '', '', '', '17', '', '', '', '', '', '', ''], text_color=[None, None, None, None, None, None, None, None, None, None, None, None], text_size=[None, None, None, None, None, None, None, None, None, None, None, None], default=KeyDefault(text_color='#000000', text_size=3), x=6.5, y=6.75, width=1, height=1, x2=0, y2=0, width2=1, height2=1, rotation_x=8.25, rotation_y=5.25, rotation_angle=-75, decal=False, ghost=False, stepped=False, nub=False, profile='', sm='', sb='', st=''), Key(color='#cccccc', labels=['', '', '', '', '18', '', '', '', '', '', '', ''], text_color=[None, None, None, None, None, None, None, None, None, None, None, None], text_size=[None, None, None, None, None, None, None, None, None, None, None, None], default=KeyDefault(text_color='#000000', text_size=3), x=7.5, y=6.75, width=1, height=1, x2=0, y2=0, width2=1, height2=1, rotation_x=8.25, rotation_y=5.25, rotation_angle=-75, decal=False, ghost=False, stepped=False, nub=False, profile='', sm='', sb='', st=''), Key(color='#cccccc', labels=['', '', '', '', '19', '', '', '', '', '', '', ''], text_color=[None, None, None, None, None, None, None, None, None, None, None, None], text_size=[None, None, None, None, None, None, None, None, None, None, None, None], default=KeyDefault(text_color='#000000', text_size=3), x=8.5, y=6.75, width=1, height=1, x2=0, y2=0, width2=1, height2=1, rotation_x=8.25, rotation_y=5.25, rotation_angle=-75, decal=False, ghost=False, stepped=False, nub=False, profile='', sm='', sb='', st=''), Key(color='#cccccc', labels=['', '', '', '', '7', '', '', '', '', '', '', ''], text_color=[None, None, None, None, None, None, None, None, None, None, None, None], text_size=[None, None, None, None, None, None, None, None, None, None, None, None], default=KeyDefault(text_color='#000000', text_size=3), x=8.0, y=3.0, width=1, height=1, x2=0, y2=0, width2=1, height2=1, rotation_x=8.0, rotation_y=3.0, rotation_angle=-30, decal=False, ghost=False, stepped=False, nub=False, profile='', sm='', sb='', st=''), Key(color='#cccccc', labels=['', '', '', '', '8', '', '', '', '', '', '', ''], text_color=[None, None, None, None, None, None, None, None, None, None, None, None], text_size=[None, None, None, None, None, None, None, None, None, None, None, None], default=KeyDefault(text_color='#000000', text_size=3), x=9.0, y=3.0, width=1, height=1, x2=0, y2=0, width2=1, height2=1, rotation_x=8.0, rotation_y=3.0, rotation_angle=-30, decal=False, ghost=False, stepped=False, nub=False, profile='', sm='', sb='', st=''), Key(color='#cccccc', labels=['', '', '', '', '9', '', '', '', '', '', '', ''], text_color=[None, None, None, None, None, None, None, None, None, None, None, None], text_size=[None, None, None, None, None, None, None, None, None, None, None, None], default=KeyDefault(text_color='#000000', text_size=3), x=10.0, y=3.0, width=1, height=1, x2=0, y2=0, width2=1, height2=1, rotation_x=8.0, rotation_y=3.0, rotation_angle=-30, decal=False, ghost=False, stepped=False, nub=False, profile='', sm='', sb='', st=''), Key(color='#cccccc', labels=['', '', '', '', '10', '', '', '', '', '', '', ''], text_color=[None, None, None, None, None, None, None, None, None, None, None, None], text_size=[None, None, None, None, None, None, None, None, None, None, None, None], default=KeyDefault(text_color='#000000', text_size=3), x=11.0, y=3.0, width=1, height=1, x2=0, y2=0, width2=1, height2=1, rotation_x=8.0, rotation_y=3.0, rotation_angle=-30, decal=False, ghost=False, stepped=False, nub=False, profile='', sm='', sb='', st=''), Key(color='#cccccc', labels=['', '', '', '', '11', '', '', '', '', '', '', ''], text_color=[None, None, None, None, None, None, None, None, None, None, None, None], text_size=[None, None, None, None, None, None, None, None, None, None, None, None], default=KeyDefault(text_color='#000000', text_size=3), x=8.0, y=4.0, width=1, height=1, x2=0, y2=0, width2=1, height2=1, rotation_x=8.0, rotation_y=3.0, rotation_angle=-30, decal=False, ghost=False, stepped=False, nub=False, profile='', sm='', sb='', st=''), Key(color='#cccccc', labels=['', '', '', '', '12', '', '', '', '', '', '', ''], text_color=[None, None, None, None, None, None, None, None, None, None, None, None], text_size=[None, None, None, None, None, None, None, None, None, None, None, None], default=KeyDefault(text_color='#000000', text_size=3), x=9.0, y=4.0, width=1, height=1, x2=0, y2=0, width2=1, height2=1, rotation_x=8.0, rotation_y=3.0, rotation_angle=-30, decal=False, ghost=False, stepped=False, nub=False, profile='', sm='', sb='', st=''), Key(color='#cccccc', labels=['', '', '', '', '13', '', '', '', '', '', '', ''], text_color=[None, None, None, None, None, None, None, None, None, None, None, None], text_size=[None, None, None, None, None, None, None, None, None, None, None, None], default=KeyDefault(text_color='#000000', text_size=3), x=10.0, y=4.0, width=1, height=1, x2=0, y2=0, width2=1, height2=1, rotation_x=8.0, rotation_y=3.0, rotation_angle=-30, decal=False, ghost=False, stepped=False, nub=False, profile='', sm='', sb='', st=''), Key(color='#cccccc', labels=['', '', '', '', '14', '', '', '', '', '', '', ''], text_color=[None, None, None, None, None, None, None, None, None, None, None, None], text_size=[None, None, None, None, None, None, None, None, None, None, None, None], default=KeyDefault(text_color='#000000', text_size=3), x=11.0, y=4.0, width=1, height=1, x2=0, y2=0, width2=1, height2=1, rotation_x=8.0, rotation_y=3.0, rotation_angle=-30, decal=False, ghost=False, stepped=False, nub=False, profile='', sm='', sb='', st='')])
08:53:37 com_github_zykrah_kicad-kle-placer.kle_placer_action 181: [Key(color='#cccccc', labels=['', '', '', '', '20', '', '', '', '', '', '', ''], text_color=[None, None, None, None, None, None, None, None, None, None, None, None], text_size=[None, None, None, None, None, None, None, None, None, None, None, None], default=KeyDefault(text_color='#000000', text_size=3), x=6.0, y=2.0, width=1.0, height=1.0, x2=0.0, y2=0.0, width2=1.0, height2=1.0, rotation_x=1.0, rotation_y=2.0, rotation_angle=0.0, decal=False, ghost=False, stepped=False, nub=False, profile='', sm='', sb='', st=''), Key(color='#cccccc', labels=['', '', '', '', '3', '', '', '', '', '', '', ''], text_color=[None, None, None, None, None, None, None, None, None, None, None, None], text_size=[None, None, None, None, None, None, None, None, None, None, None, None], default=KeyDefault(text_color='#000000', text_size=3), x=2.0, y=1.0, width=1, height=1, x2=0, y2=0, width2=1, height2=1, rotation_x=1.0, rotation_y=2.0, rotation_angle=30, decal=False, ghost=False, stepped=False, nub=False, profile='', sm='', sb='', st=''), Key(color='#cccccc', labels=['', '', '', '', '2', '', '', '', '', '', '', ''], text_color=[None, None, None, None, None, None, None, None, None, None, None, None], text_size=[None, None, None, None, None, None, None, None, None, None, None, None], default=KeyDefault(text_color='#000000', text_size=3), x=1.0, y=1.5, width=1, height=1, x2=0, y2=0, width2=1, height2=1, rotation_x=1.0, rotation_y=2.0, rotation_angle=30, decal=False, ghost=False, stepped=False, nub=False, profile='', sm='', sb='', st=''), Key(color='#cccccc', labels=['', '', '', '', '4', '', '', '', '', '', '', ''], text_color=[None, None, None, None, None, None, None, None, None, None, None, None], text_size=[None, None, None, None, None, None, None, None, None, None, None, None], default=KeyDefault(text_color='#000000', text_size=3), x=3.0, y=1.5, width=1, height=1, x2=0, y2=0, width2=1, height2=1, rotation_x=1.0, rotation_y=2.0, rotation_angle=30, decal=False, ghost=False, stepped=False, nub=False, profile='', sm='', sb='', st=''), Key(color='#cccccc', labels=['', '', '', '', '1', '', '', '', '', '', '', ''], text_color=[None, None, None, None, None, None, None, None, None, None, None, None], text_size=[None, None, None, None, None, None, None, None, None, None, None, None], default=KeyDefault(text_color='#000000', text_size=3), x=0.0, y=2.0, width=1, height=1, x2=0, y2=0, width2=1, height2=1, rotation_x=1.0, rotation_y=2.0, rotation_angle=30, decal=False, ghost=False, stepped=False, nub=False, profile='', sm='', sb='', st=''), Key(color='#cccccc', labels=['', '', '', '', '6', '', '', '', '', '', '', ''], text_color=[None, None, None, None, None, None, None, None, None, None, None, None], text_size=[None, None, None, None, None, None, None, None, None, None, None, None], default=KeyDefault(text_color='#000000', text_size=3), x=6.0, y=3.5, width=1, height=1, x2=0, y2=0, width2=1, height2=1, rotation_x=3.0, rotation_y=3.5, rotation_angle=75, decal=False, ghost=False, stepped=False, nub=False, profile='', sm='', sb='', st=''), Key(color='#cccccc', labels=['', '', '', '', '5', '', '', '', '', '', '', ''], text_color=[None, None, None, None, None, None, None, None, None, None, None, None], text_size=[None, None, None, None, None, None, None, None, None, None, None, None], default=KeyDefault(text_color='#000000', text_size=3), x=5.0, y=3.75, width=1, height=1, x2=0, y2=0, width2=1, height2=1, rotation_x=3.0, rotation_y=3.5, rotation_angle=75, decal=False, ghost=False, stepped=False, nub=False, profile='', sm='', sb='', st=''), Key(color='#cccccc', labels=['', '', '', '', '15', '', '', '', '', '', '', ''], text_color=[None, None, None, None, None, None, None, None, None, None, None, None], text_size=[None, None, None, None, None, None, None, None, None, None, None, None], default=KeyDefault(text_color='#000000', text_size=3), x=7.0, y=5.75, width=1, height=1, x2=0, y2=0, width2=1, height2=1, rotation_x=8.25, rotation_y=5.25, rotation_angle=-75, decal=False, ghost=False, stepped=False, nub=False, profile='', sm='', sb='', st=''), Key(color='#cccccc', labels=['', '', '', '', '16', '', '', '', '', '', '', ''], text_color=[None, None, None, None, None, None, None, None, None, None, None, None], text_size=[None, None, None, None, None, None, None, None, None, None, None, None], default=KeyDefault(text_color='#000000', text_size=3), x=8.0, y=5.75, width=1, height=1, x2=0, y2=0, width2=1, height2=1, rotation_x=8.25, rotation_y=5.25, rotation_angle=-75, decal=False, ghost=False, stepped=False, nub=False, profile='', sm='', sb='', st=''), Key(color='#cccccc', labels=['', '', '', '', '17', '', '', '', '', '', '', ''], text_color=[None, None, None, None, None, None, None, None, None, None, None, None], text_size=[None, None, None, None, None, None, None, None, None, None, None, None], default=KeyDefault(text_color='#000000', text_size=3), x=6.5, y=6.75, width=1, height=1, x2=0, y2=0, width2=1, height2=1, rotation_x=8.25, rotation_y=5.25, rotation_angle=-75, decal=False, ghost=False, stepped=False, nub=False, profile='', sm='', sb='', st=''), Key(color='#cccccc', labels=['', '', '', '', '18', '', '', '', '', '', '', ''], text_color=[None, None, None, None, None, None, None, None, None, None, None, None], text_size=[None, None, None, None, None, None, None, None, None, None, None, None], default=KeyDefault(text_color='#000000', text_size=3), x=7.5, y=6.75, width=1, height=1, x2=0, y2=0, width2=1, height2=1, rotation_x=8.25, rotation_y=5.25, rotation_angle=-75, decal=False, ghost=False, stepped=False, nub=False, profile='', sm='', sb='', st=''), Key(color='#cccccc', labels=['', '', '', '', '19', '', '', '', '', '', '', ''], text_color=[None, None, None, None, None, None, None, None, None, None, None, None], text_size=[None, None, None, None, None, None, None, None, None, None, None, None], default=KeyDefault(text_color='#000000', text_size=3), x=8.5, y=6.75, width=1, height=1, x2=0, y2=0, width2=1, height2=1, rotation_x=8.25, rotation_y=5.25, rotation_angle=-75, decal=False, ghost=False, stepped=False, nub=False, profile='', sm='', sb='', st=''), Key(color='#cccccc', labels=['', '', '', '', '7', '', '', '', '', '', '', ''], text_color=[None, None, None, None, None, None, None, None, None, None, None, None], text_size=[None, None, None, None, None, None, None, None, None, None, None, None], default=KeyDefault(text_color='#000000', text_size=3), x=8.0, y=3.0, width=1, height=1, x2=0, y2=0, width2=1, height2=1, rotation_x=8.0, rotation_y=3.0, rotation_angle=-30, decal=False, ghost=False, stepped=False, nub=False, profile='', sm='', sb='', st=''), Key(color='#cccccc', labels=['', '', '', '', '8', '', '', '', '', '', '', ''], text_color=[None, None, None, None, None, None, None, None, None, None, None, None], text_size=[None, None, None, None, None, None, None, None, None, None, None, None], default=KeyDefault(text_color='#000000', text_size=3), x=9.0, y=3.0, width=1, height=1, x2=0, y2=0, width2=1, height2=1, rotation_x=8.0, rotation_y=3.0, rotation_angle=-30, decal=False, ghost=False, stepped=False, nub=False, profile='', sm='', sb='', st=''), Key(color='#cccccc', labels=['', '', '', '', '9', '', '', '', '', '', '', ''], text_color=[None, None, None, None, None, None, None, None, None, None, None, None], text_size=[None, None, None, None, None, None, None, None, None, None, None, None], default=KeyDefault(text_color='#000000', text_size=3), x=10.0, y=3.0, width=1, height=1, x2=0, y2=0, width2=1, height2=1, rotation_x=8.0, rotation_y=3.0, rotation_angle=-30, decal=False, ghost=False, stepped=False, nub=False, profile='', sm='', sb='', st=''), Key(color='#cccccc', labels=['', '', '', '', '10', '', '', '', '', '', '', ''], text_color=[None, None, None, None, None, None, None, None, None, None, None, None], text_size=[None, None, None, None, None, None, None, None, None, None, None, None], default=KeyDefault(text_color='#000000', text_size=3), x=11.0, y=3.0, width=1, height=1, x2=0, y2=0, width2=1, height2=1, rotation_x=8.0, rotation_y=3.0, rotation_angle=-30, decal=False, ghost=False, stepped=False, nub=False, profile='', sm='', sb='', st=''), Key(color='#cccccc', labels=['', '', '', '', '11', '', '', '', '', '', '', ''], text_color=[None, None, None, None, None, None, None, None, None, None, None, None], text_size=[None, None, None, None, None, None, None, None, None, None, None, None], default=KeyDefault(text_color='#000000', text_size=3), x=8.0, y=4.0, width=1, height=1, x2=0, y2=0, width2=1, height2=1, rotation_x=8.0, rotation_y=3.0, rotation_angle=-30, decal=False, ghost=False, stepped=False, nub=False, profile='', sm='', sb='', st=''), Key(color='#cccccc', labels=['', '', '', '', '12', '', '', '', '', '', '', ''], text_color=[None, None, None, None, None, None, None, None, None, None, None, None], text_size=[None, None, None, None, None, None, None, None, None, None, None, None], default=KeyDefault(text_color='#000000', text_size=3), x=9.0, y=4.0, width=1, height=1, x2=0, y2=0, width2=1, height2=1, rotation_x=8.0, rotation_y=3.0, rotation_angle=-30, decal=False, ghost=False, stepped=False, nub=False, profile='', sm='', sb='', st=''), Key(color='#cccccc', labels=['', '', '', '', '13', '', '', '', '', '', '', ''], text_color=[None, None, None, None, None, None, None, None, None, None, None, None], text_size=[None, None, None, None, None, None, None, None, None, None, None, None], default=KeyDefault(text_color='#000000', text_size=3), x=10.0, y=4.0, width=1, height=1, x2=0, y2=0, width2=1, height2=1, rotation_x=8.0, rotation_y=3.0, rotation_angle=-30, decal=False, ghost=False, stepped=False, nub=False, profile='', sm='', sb='', st=''), Key(color='#cccccc', labels=['', '', '', '', '14', '', '', '', '', '', '', ''], text_color=[None, None, None, None, None, None, None, None, None, None, None, None], text_size=[None, None, None, None, None, None, None, None, None, None, None, None], default=KeyDefault(text_color='#000000', text_size=3), x=11.0, y=4.0, width=1, height=1, x2=0, y2=0, width2=1, height2=1, rotation_x=8.0, rotation_y=3.0, rotation_angle=-30, decal=False, ghost=False, stepped=False, nub=False, profile='', sm='', sb='', st='')]
08:53:37 com_github_zykrah_kicad-kle-placer.kle_placer_action 134: Searching for CH1 footprint
08:53:37 com_github_zykrah_kicad-kle-placer.kle_placer_action 317: l 13470384.181603732
08:53:37 com_github_zykrah_kicad-kle-placer.kle_placer_action 318: theta 45.0
08:53:37 com_github_zykrah_kicad-kle-placer.kle_placer_action 319: alpha 15.0
08:53:37 com_github_zykrah_kicad-kle-placer.kle_placer_action 323: dif_x 3486391.971046778
08:53:37 com_github_zykrah_kicad-kle-placer.kle_placer_action 324: dif_y 13011391.97104678
08:53:37 com_github_zykrah_kicad-kle-placer.kle_placer_action 329: x 40709608
08:53:37 com_github_zykrah_kicad-kle-placer.kle_placer_action 330: y 50349392
08:53:37 com_github_zykrah_kicad-kle-placer.kle_placer_action 334: xc 18173216.028953224
08:53:37 com_github_zykrah_kicad-kle-placer.kle_placer_action 335: yc 18288000.028953224
08:53:37 com_github_zykrah_kicad-kle-placer.kle_placer_action 348: first_key_pos (18173216, 18288000)
08:53:37 com_github_zykrah_kicad-kle-placer.kle_placer_action 361: default_key_rotation 180.0
08:53:37 com_github_zykrah_kicad-kle-placer.kle_placer_action 134: Searching for D1 footprint
08:53:37 com_github_zykrah_kicad-kle-placer.kle_placer_action 382: mx 678305177
08:53:37 com_github_zykrah_kicad-kle-placer.kle_placer_action 383: my 832852457
08:53:37 com_github_zykrah_kicad-kle-placer.kle_placer_action 384: ml 1074123423.2042136
08:53:37 com_github_zykrah_kicad-kle-placer.kle_placer_action 385: beta 50.83938227367548
08:53:37 com_github_zykrah_kicad-kle-placer.kle_placer_action 386: z 9.160617726324517
08:53:37 com_github_zykrah_kicad-kle-placer.kle_placer_action 390: ox 171003286.30050004
08:53:37 com_github_zykrah_kicad-kle-placer.kle_placer_action 391: oy 1060423973.8662869
08:53:37 com_github_zykrah_kicad-kle-placer.kle_placer_action 134: Searching for D1 footprint
08:53:37 com_github_zykrah_kicad-kle-placer.kle_placer_action 134: Searching for CH1 footprint
08:53:37 com_github_zykrah_kicad-kle-placer.kle_placer_action 134: Searching for S1 footprint
08:53:37 com_github_zykrah_kicad-kle-placer.kle_placer_action 142: Setting CH1 footprint position: (27698216, 46863000)
08:53:37 com_github_zykrah_kicad-kle-placer.kle_placer_action 142: Setting D1 footprint position: (198701502, 1107286973)
08:53:37 com_github_zykrah_kicad-kle-placer.kle_placer_action 150: Rotating D1 footprint: rotationReference: (27698216, 46863000), rotationAngle: 0
08:53:37 com_github_zykrah_kicad-kle-placer.kle_placer_action 462: rotation_reference (37223216, 37338000)
08:53:37 com_github_zykrah_kicad-kle-placer.kle_placer_action 150: Rotating CH1 footprint: rotationReference: (37223216, 37338000), rotationAngle: 30
08:53:37 com_github_zykrah_kicad-kle-placer.kle_placer_action 150: Rotating D1 footprint: rotationReference: (37223216, 37338000), rotationAngle: 30
08:53:37 com_github_zykrah_kicad-kle-placer.kle_placer_action 134: Searching for D2 footprint
08:53:37 com_github_zykrah_kicad-kle-placer.kle_placer_action 134: Searching for CH2 footprint
08:53:37 com_github_zykrah_kicad-kle-placer.kle_placer_action 134: Searching for S2 footprint
08:53:37 com_github_zykrah_kicad-kle-placer.kle_placer_action 142: Setting CH2 footprint position: (46748216, 37338000)
08:53:37 com_github_zykrah_kicad-kle-placer.kle_placer_action 142: Setting D2 footprint position: (217751502, 1097761973)
08:53:37 com_github_zykrah_kicad-kle-placer.kle_placer_action 150: Rotating D2 footprint: rotationReference: (46748216, 37338000), rotationAngle: 0
08:53:37 com_github_zykrah_kicad-kle-placer.kle_placer_action 462: rotation_reference (37223216, 37338000)
08:53:37 com_github_zykrah_kicad-kle-placer.kle_placer_action 150: Rotating CH2 footprint: rotationReference: (37223216, 37338000), rotationAngle: 30
08:53:37 com_github_zykrah_kicad-kle-placer.kle_placer_action 150: Rotating D2 footprint: rotationReference: (37223216, 37338000), rotationAngle: 30
08:53:37 com_github_zykrah_kicad-kle-placer.kle_placer_action 134: Searching for D3 footprint
08:53:37 com_github_zykrah_kicad-kle-placer.kle_placer_action 134: Searching for CH3 footprint
08:53:37 com_github_zykrah_kicad-kle-placer.kle_placer_action 134: Searching for S3 footprint
08:53:37 com_github_zykrah_kicad-kle-placer.kle_placer_action 142: Setting CH3 footprint position: (65798216, 27813000)
08:53:37 com_github_zykrah_kicad-kle-placer.kle_placer_action 142: Setting D3 footprint position: (236801502, 1088236973)
08:53:37 com_github_zykrah_kicad-kle-placer.kle_placer_action 150: Rotating D3 footprint: rotationReference: (65798216, 27813000), rotationAngle: 0
08:53:37 com_github_zykrah_kicad-kle-placer.kle_placer_action 462: rotation_reference (37223216, 37338000)
08:53:37 com_github_zykrah_kicad-kle-placer.kle_placer_action 150: Rotating CH3 footprint: rotationReference: (37223216, 37338000), rotationAngle: 30
08:53:37 com_github_zykrah_kicad-kle-placer.kle_placer_action 150: Rotating D3 footprint: rotationReference: (37223216, 37338000), rotationAngle: 30
08:53:37 com_github_zykrah_kicad-kle-placer.kle_placer_action 134: Searching for D4 footprint
08:53:37 com_github_zykrah_kicad-kle-placer.kle_placer_action 134: Searching for CH4 footprint
08:53:37 com_github_zykrah_kicad-kle-placer.kle_placer_action 134: Searching for S4 footprint
08:53:37 com_github_zykrah_kicad-kle-placer.kle_placer_action 142: Setting CH4 footprint position: (84848216, 37338000)
08:53:37 com_github_zykrah_kicad-kle-placer.kle_placer_action 142: Setting D4 footprint position: (255851502, 1097761973)
08:53:37 com_github_zykrah_kicad-kle-placer.kle_placer_action 150: Rotating D4 footprint: rotationReference: (84848216, 37338000), rotationAngle: 0
08:53:37 com_github_zykrah_kicad-kle-placer.kle_placer_action 462: rotation_reference (37223216, 37338000)
08:53:37 com_github_zykrah_kicad-kle-placer.kle_placer_action 150: Rotating CH4 footprint: rotationReference: (37223216, 37338000), rotationAngle: 30
08:53:37 com_github_zykrah_kicad-kle-placer.kle_placer_action 150: Rotating D4 footprint: rotationReference: (37223216, 37338000), rotationAngle: 30
08:53:37 com_github_zykrah_kicad-kle-placer.kle_placer_action 134: Searching for D5 footprint
08:53:37 com_github_zykrah_kicad-kle-placer.kle_placer_action 134: Searching for CH5 footprint
08:53:37 com_github_zykrah_kicad-kle-placer.kle_placer_action 134: Searching for S5 footprint
08:53:37 com_github_zykrah_kicad-kle-placer.kle_placer_action 142: Setting CH5 footprint position: (122948216, 80200500)
08:53:37 com_github_zykrah_kicad-kle-placer.kle_placer_action 142: Setting D5 footprint position: (293951502, 1140624473)
08:53:37 com_github_zykrah_kicad-kle-placer.kle_placer_action 150: Rotating D5 footprint: rotationReference: (122948216, 80200500), rotationAngle: 0
08:53:37 com_github_zykrah_kicad-kle-placer.kle_placer_action 462: rotation_reference (75323216, 65913000)
08:53:37 com_github_zykrah_kicad-kle-placer.kle_placer_action 150: Rotating CH5 footprint: rotationReference: (75323216, 65913000), rotationAngle: 75
08:53:37 com_github_zykrah_kicad-kle-placer.kle_placer_action 150: Rotating D5 footprint: rotationReference: (75323216, 65913000), rotationAngle: 75
08:53:37 com_github_zykrah_kicad-kle-placer.kle_placer_action 134: Searching for D6 footprint
08:53:37 com_github_zykrah_kicad-kle-placer.kle_placer_action 134: Searching for CH6 footprint
08:53:37 com_github_zykrah_kicad-kle-placer.kle_placer_action 134: Searching for S6 footprint
08:53:37 com_github_zykrah_kicad-kle-placer.kle_placer_action 142: Setting CH6 footprint position: (141998216, 75438000)
08:53:37 com_github_zykrah_kicad-kle-placer.kle_placer_action 142: Setting D6 footprint position: (313001502, 1135861973)
08:53:37 com_github_zykrah_kicad-kle-placer.kle_placer_action 150: Rotating D6 footprint: rotationReference: (141998216, 75438000), rotationAngle: 0
08:53:37 com_github_zykrah_kicad-kle-placer.kle_placer_action 462: rotation_reference (75323216, 65913000)
08:53:37 com_github_zykrah_kicad-kle-placer.kle_placer_action 150: Rotating CH6 footprint: rotationReference: (75323216, 65913000), rotationAngle: 75
08:53:37 com_github_zykrah_kicad-kle-placer.kle_placer_action 150: Rotating D6 footprint: rotationReference: (75323216, 65913000), rotationAngle: 75
08:53:37 com_github_zykrah_kicad-kle-placer.kle_placer_action 134: Searching for D7 footprint
08:53:37 com_github_zykrah_kicad-kle-placer.kle_placer_action 134: Searching for CH7 footprint
08:53:37 com_github_zykrah_kicad-kle-placer.kle_placer_action 134: Searching for S7 footprint
08:53:37 com_github_zykrah_kicad-kle-placer.kle_placer_action 142: Setting CH7 footprint position: (180098216, 65913000)
08:53:37 com_github_zykrah_kicad-kle-placer.kle_placer_action 142: Setting D7 footprint position: (351101502, 1126336973)
08:53:37 com_github_zykrah_kicad-kle-placer.kle_placer_action 150: Rotating D7 footprint: rotationReference: (180098216, 65913000), rotationAngle: 0
08:53:37 com_github_zykrah_kicad-kle-placer.kle_placer_action 462: rotation_reference (170573216, 56388000)
08:53:37 com_github_zykrah_kicad-kle-placer.kle_placer_action 150: Rotating CH7 footprint: rotationReference: (170573216, 56388000), rotationAngle: -30
08:53:37 com_github_zykrah_kicad-kle-placer.kle_placer_action 150: Rotating D7 footprint: rotationReference: (170573216, 56388000), rotationAngle: -30
08:53:37 com_github_zykrah_kicad-kle-placer.kle_placer_action 134: Searching for D8 footprint
08:53:37 com_github_zykrah_kicad-kle-placer.kle_placer_action 134: Searching for CH8 footprint
08:53:37 com_github_zykrah_kicad-kle-placer.kle_placer_action 134: Searching for S8 footprint
08:53:37 com_github_zykrah_kicad-kle-placer.kle_placer_action 142: Setting CH8 footprint position: (199148216, 65913000)
08:53:37 com_github_zykrah_kicad-kle-placer.kle_placer_action 142: Setting D8 footprint position: (370151502, 1126336973)
08:53:37 com_github_zykrah_kicad-kle-placer.kle_placer_action 150: Rotating D8 footprint: rotationReference: (199148216, 65913000), rotationAngle: 0
08:53:37 com_github_zykrah_kicad-kle-placer.kle_placer_action 462: rotation_reference (170573216, 56388000)
08:53:37 com_github_zykrah_kicad-kle-placer.kle_placer_action 150: Rotating CH8 footprint: rotationReference: (170573216, 56388000), rotationAngle: -30
08:53:37 com_github_zykrah_kicad-kle-placer.kle_placer_action 150: Rotating D8 footprint: rotationReference: (170573216, 56388000), rotationAngle: -30
08:53:37 com_github_zykrah_kicad-kle-placer.kle_placer_action 134: Searching for D9 footprint
08:53:37 com_github_zykrah_kicad-kle-placer.kle_placer_action 134: Searching for CH9 footprint
08:53:37 com_github_zykrah_kicad-kle-placer.kle_placer_action 134: Searching for S9 footprint
08:53:37 com_github_zykrah_kicad-kle-placer.kle_placer_action 142: Setting CH9 footprint position: (218198216, 65913000)
08:53:37 com_github_zykrah_kicad-kle-placer.kle_placer_action 142: Setting D9 footprint position: (389201502, 1126336973)
08:53:37 com_github_zykrah_kicad-kle-placer.kle_placer_action 150: Rotating D9 footprint: rotationReference: (218198216, 65913000), rotationAngle: 0
08:53:37 com_github_zykrah_kicad-kle-placer.kle_placer_action 462: rotation_reference (170573216, 56388000)
08:53:37 com_github_zykrah_kicad-kle-placer.kle_placer_action 150: Rotating CH9 footprint: rotationReference: (170573216, 56388000), rotationAngle: -30
08:53:37 com_github_zykrah_kicad-kle-placer.kle_placer_action 150: Rotating D9 footprint: rotationReference: (170573216, 56388000), rotationAngle: -30
08:53:37 com_github_zykrah_kicad-kle-placer.kle_placer_action 134: Searching for D10 footprint
08:53:37 com_github_zykrah_kicad-kle-placer.kle_placer_action 134: Searching for CH10 footprint
08:53:37 com_github_zykrah_kicad-kle-placer.kle_placer_action 134: Searching for S10 footprint
08:53:37 com_github_zykrah_kicad-kle-placer.kle_placer_action 142: Setting CH10 footprint position: (237248216, 65913000)
08:53:37 com_github_zykrah_kicad-kle-placer.kle_placer_action 142: Setting D10 footprint position: (408251502, 1126336973)
08:53:37 com_github_zykrah_kicad-kle-placer.kle_placer_action 150: Rotating D10 footprint: rotationReference: (237248216, 65913000), rotationAngle: 0
08:53:37 com_github_zykrah_kicad-kle-placer.kle_placer_action 462: rotation_reference (170573216, 56388000)
08:53:37 com_github_zykrah_kicad-kle-placer.kle_placer_action 150: Rotating CH10 footprint: rotationReference: (170573216, 56388000), rotationAngle: -30
08:53:37 com_github_zykrah_kicad-kle-placer.kle_placer_action 150: Rotating D10 footprint: rotationReference: (170573216, 56388000), rotationAngle: -30
08:53:37 com_github_zykrah_kicad-kle-placer.kle_placer_action 134: Searching for D11 footprint
08:53:37 com_github_zykrah_kicad-kle-placer.kle_placer_action 134: Searching for CH11 footprint
08:53:37 com_github_zykrah_kicad-kle-placer.kle_placer_action 134: Searching for S11 footprint
08:53:37 com_github_zykrah_kicad-kle-placer.kle_placer_action 142: Setting CH11 footprint position: (180098216, 84963000)
08:53:37 com_github_zykrah_kicad-kle-placer.kle_placer_action 142: Setting D11 footprint position: (351101502, 1145386973)
08:53:37 com_github_zykrah_kicad-kle-placer.kle_placer_action 150: Rotating D11 footprint: rotationReference: (180098216, 84963000), rotationAngle: 0
08:53:37 com_github_zykrah_kicad-kle-placer.kle_placer_action 462: rotation_reference (170573216, 56388000)
08:53:37 com_github_zykrah_kicad-kle-placer.kle_placer_action 150: Rotating CH11 footprint: rotationReference: (170573216, 56388000), rotationAngle: -30
08:53:37 com_github_zykrah_kicad-kle-placer.kle_placer_action 150: Rotating D11 footprint: rotationReference: (170573216, 56388000), rotationAngle: -30
08:53:37 com_github_zykrah_kicad-kle-placer.kle_placer_action 134: Searching for D12 footprint
08:53:37 com_github_zykrah_kicad-kle-placer.kle_placer_action 134: Searching for CH12 footprint
08:53:37 com_github_zykrah_kicad-kle-placer.kle_placer_action 134: Searching for S12 footprint
08:53:37 com_github_zykrah_kicad-kle-placer.kle_placer_action 142: Setting CH12 footprint position: (199148216, 84963000)
08:53:37 com_github_zykrah_kicad-kle-placer.kle_placer_action 142: Setting D12 footprint position: (370151502, 1145386973)
08:53:37 com_github_zykrah_kicad-kle-placer.kle_placer_action 150: Rotating D12 footprint: rotationReference: (199148216, 84963000), rotationAngle: 0
08:53:37 com_github_zykrah_kicad-kle-placer.kle_placer_action 462: rotation_reference (170573216, 56388000)
08:53:37 com_github_zykrah_kicad-kle-placer.kle_placer_action 150: Rotating CH12 footprint: rotationReference: (170573216, 56388000), rotationAngle: -30
08:53:37 com_github_zykrah_kicad-kle-placer.kle_placer_action 150: Rotating D12 footprint: rotationReference: (170573216, 56388000), rotationAngle: -30
08:53:37 com_github_zykrah_kicad-kle-placer.kle_placer_action 134: Searching for D13 footprint
08:53:37 com_github_zykrah_kicad-kle-placer.kle_placer_action 134: Searching for CH13 footprint
08:53:37 com_github_zykrah_kicad-kle-placer.kle_placer_action 134: Searching for S13 footprint
08:53:37 com_github_zykrah_kicad-kle-placer.kle_placer_action 142: Setting CH13 footprint position: (218198216, 84963000)
08:53:37 com_github_zykrah_kicad-kle-placer.kle_placer_action 142: Setting D13 footprint position: (389201502, 1145386973)
08:53:37 com_github_zykrah_kicad-kle-placer.kle_placer_action 150: Rotating D13 footprint: rotationReference: (218198216, 84963000), rotationAngle: 0
08:53:37 com_github_zykrah_kicad-kle-placer.kle_placer_action 462: rotation_reference (170573216, 56388000)
08:53:37 com_github_zykrah_kicad-kle-placer.kle_placer_action 150: Rotating CH13 footprint: rotationReference: (170573216, 56388000), rotationAngle: -30
08:53:37 com_github_zykrah_kicad-kle-placer.kle_placer_action 150: Rotating D13 footprint: rotationReference: (170573216, 56388000), rotationAngle: -30
08:53:37 com_github_zykrah_kicad-kle-placer.kle_placer_action 134: Searching for D14 footprint
08:53:37 com_github_zykrah_kicad-kle-placer.kle_placer_action 134: Searching for CH14 footprint
08:53:37 com_github_zykrah_kicad-kle-placer.kle_placer_action 134: Searching for S14 footprint
08:53:37 com_github_zykrah_kicad-kle-placer.kle_placer_action 142: Setting CH14 footprint position: (237248216, 84963000)
08:53:37 com_github_zykrah_kicad-kle-placer.kle_placer_action 142: Setting D14 footprint position: (408251502, 1145386973)
08:53:37 com_github_zykrah_kicad-kle-placer.kle_placer_action 150: Rotating D14 footprint: rotationReference: (237248216, 84963000), rotationAngle: 0
08:53:37 com_github_zykrah_kicad-kle-placer.kle_placer_action 462: rotation_reference (170573216, 56388000)
08:53:37 com_github_zykrah_kicad-kle-placer.kle_placer_action 150: Rotating CH14 footprint: rotationReference: (170573216, 56388000), rotationAngle: -30
08:53:37 com_github_zykrah_kicad-kle-placer.kle_placer_action 150: Rotating D14 footprint: rotationReference: (170573216, 56388000), rotationAngle: -30
08:53:37 com_github_zykrah_kicad-kle-placer.kle_placer_action 134: Searching for D15 footprint
08:53:37 com_github_zykrah_kicad-kle-placer.kle_placer_action 134: Searching for CH15 footprint
08:53:37 com_github_zykrah_kicad-kle-placer.kle_placer_action 134: Searching for S15 footprint
08:53:37 com_github_zykrah_kicad-kle-placer.kle_placer_action 142: Setting CH15 footprint position: (161048216, 118300500)
08:53:37 com_github_zykrah_kicad-kle-placer.kle_placer_action 142: Setting D15 footprint position: (332051502, 1178724473)
08:53:37 com_github_zykrah_kicad-kle-placer.kle_placer_action 150: Rotating D15 footprint: rotationReference: (161048216, 118300500), rotationAngle: 0
08:53:37 com_github_zykrah_kicad-kle-placer.kle_placer_action 462: rotation_reference (175335716, 99250500)
08:53:37 com_github_zykrah_kicad-kle-placer.kle_placer_action 150: Rotating CH15 footprint: rotationReference: (175335716, 99250500), rotationAngle: -75
08:53:37 com_github_zykrah_kicad-kle-placer.kle_placer_action 150: Rotating D15 footprint: rotationReference: (175335716, 99250500), rotationAngle: -75
08:53:37 com_github_zykrah_kicad-kle-placer.kle_placer_action 134: Searching for D16 footprint
08:53:37 com_github_zykrah_kicad-kle-placer.kle_placer_action 134: Searching for CH16 footprint
08:53:37 com_github_zykrah_kicad-kle-placer.kle_placer_action 134: Searching for S16 footprint
08:53:37 com_github_zykrah_kicad-kle-placer.kle_placer_action 142: Setting CH16 footprint position: (180098216, 118300500)
08:53:37 com_github_zykrah_kicad-kle-placer.kle_placer_action 142: Setting D16 footprint position: (351101502, 1178724473)
08:53:37 com_github_zykrah_kicad-kle-placer.kle_placer_action 150: Rotating D16 footprint: rotationReference: (180098216, 118300500), rotationAngle: 0
08:53:37 com_github_zykrah_kicad-kle-placer.kle_placer_action 462: rotation_reference (175335716, 99250500)
08:53:37 com_github_zykrah_kicad-kle-placer.kle_placer_action 150: Rotating CH16 footprint: rotationReference: (175335716, 99250500), rotationAngle: -75
08:53:37 com_github_zykrah_kicad-kle-placer.kle_placer_action 150: Rotating D16 footprint: rotationReference: (175335716, 99250500), rotationAngle: -75
08:53:37 com_github_zykrah_kicad-kle-placer.kle_placer_action 134: Searching for D17 footprint
08:53:37 com_github_zykrah_kicad-kle-placer.kle_placer_action 134: Searching for CH17 footprint
08:53:37 com_github_zykrah_kicad-kle-placer.kle_placer_action 134: Searching for S17 footprint
08:53:37 com_github_zykrah_kicad-kle-placer.kle_placer_action 142: Setting CH17 footprint position: (151523216, 137350500)
08:53:37 com_github_zykrah_kicad-kle-placer.kle_placer_action 142: Setting D17 footprint position: (322526502, 1197774473)
08:53:37 com_github_zykrah_kicad-kle-placer.kle_placer_action 150: Rotating D17 footprint: rotationReference: (151523216, 137350500), rotationAngle: 0
08:53:37 com_github_zykrah_kicad-kle-placer.kle_placer_action 462: rotation_reference (175335716, 99250500)
08:53:37 com_github_zykrah_kicad-kle-placer.kle_placer_action 150: Rotating CH17 footprint: rotationReference: (175335716, 99250500), rotationAngle: -75
08:53:37 com_github_zykrah_kicad-kle-placer.kle_placer_action 150: Rotating D17 footprint: rotationReference: (175335716, 99250500), rotationAngle: -75
08:53:37 com_github_zykrah_kicad-kle-placer.kle_placer_action 134: Searching for D18 footprint
08:53:37 com_github_zykrah_kicad-kle-placer.kle_placer_action 134: Searching for CH18 footprint
08:53:37 com_github_zykrah_kicad-kle-placer.kle_placer_action 134: Searching for S18 footprint
08:53:37 com_github_zykrah_kicad-kle-placer.kle_placer_action 142: Setting CH18 footprint position: (170573216, 137350500)
08:53:37 com_github_zykrah_kicad-kle-placer.kle_placer_action 142: Setting D18 footprint position: (341576502, 1197774473)
08:53:37 com_github_zykrah_kicad-kle-placer.kle_placer_action 150: Rotating D18 footprint: rotationReference: (170573216, 137350500), rotationAngle: 0
08:53:37 com_github_zykrah_kicad-kle-placer.kle_placer_action 462: rotation_reference (175335716, 99250500)
08:53:37 com_github_zykrah_kicad-kle-placer.kle_placer_action 150: Rotating CH18 footprint: rotationReference: (175335716, 99250500), rotationAngle: -75
08:53:37 com_github_zykrah_kicad-kle-placer.kle_placer_action 150: Rotating D18 footprint: rotationReference: (175335716, 99250500), rotationAngle: -75
08:53:37 com_github_zykrah_kicad-kle-placer.kle_placer_action 134: Searching for D19 footprint
08:53:37 com_github_zykrah_kicad-kle-placer.kle_placer_action 134: Searching for CH19 footprint
08:53:37 com_github_zykrah_kicad-kle-placer.kle_placer_action 134: Searching for S19 footprint
08:53:37 com_github_zykrah_kicad-kle-placer.kle_placer_action 142: Setting CH19 footprint position: (189623216, 137350500)
08:53:37 com_github_zykrah_kicad-kle-placer.kle_placer_action 142: Setting D19 footprint position: (360626502, 1197774473)
08:53:37 com_github_zykrah_kicad-kle-placer.kle_placer_action 150: Rotating D19 footprint: rotationReference: (189623216, 137350500), rotationAngle: 0
08:53:37 com_github_zykrah_kicad-kle-placer.kle_placer_action 462: rotation_reference (175335716, 99250500)
08:53:37 com_github_zykrah_kicad-kle-placer.kle_placer_action 150: Rotating CH19 footprint: rotationReference: (175335716, 99250500), rotationAngle: -75
08:53:37 com_github_zykrah_kicad-kle-placer.kle_placer_action 150: Rotating D19 footprint: rotationReference: (175335716, 99250500), rotationAngle: -75
08:53:37 com_github_zykrah_kicad-kle-placer.kle_placer_action 134: Searching for D20 footprint
08:53:37 com_github_zykrah_kicad-kle-placer.kle_placer_action 134: Searching for CH20 footprint
08:53:37 com_github_zykrah_kicad-kle-placer.kle_placer_action 134: Searching for S20 footprint
08:53:37 com_github_zykrah_kicad-kle-placer.kle_placer_action 142: Setting CH20 footprint position: (141998216, 46863000)
08:53:37 com_github_zykrah_kicad-kle-placer.kle_placer_action 142: Setting D20 footprint position: (313001502, 1107286973)
08:53:37 com_github_zykrah_kicad-kle-placer.kle_placer_action 150: Rotating D20 footprint: rotationReference: (141998216, 46863000), rotationAngle: 0
